<?xml version="1.0" encoding="UTF-8"?>
<!-- Generated by org.testng.reporters.JUnitReportReporter -->
<testsuite skipped="0" hostname="LAPTOP-JIBR9C35" name="testcases.UsefulLinksPageTest" tests="1" failures="0" timestamp="02 Nov 2020 10:23:17 GMT" time="0.204" errors="0">
  <testcase name="pageTitle" time="0.204" classname="testcases.UsefulLinksPageTest"/>
</testsuite> <!-- testcases.UsefulLinksPageTest -->
