<?xml version="1.0" encoding="UTF-8"?>
<!-- Generated by org.testng.reporters.JUnitReportReporter -->
<testsuite skipped="0" hostname="LAPTOP-JIBR9C35" name="testcases.loginpage" tests="1" failures="0" timestamp="02 Nov 2020 10:15:36 GMT" time="2.403" errors="0">
  <testcase name="pageTitle" time="2.403" classname="testcases.loginpage"/>
</testsuite> <!-- testcases.loginpage -->
