<?xml version="1.0" encoding="UTF-8"?>
<!-- Generated by org.testng.reporters.JUnitReportReporter -->
<testsuite skipped="0" hostname="LAPTOP-JIBR9C35" name="testcases.JbkUsefulLinksPage" tests="1" failures="0" timestamp="18 Oct 2020 06:26:49 GMT" time="72.318" errors="0">
  <testcase name="usefulLinkPageNavigation" time="72.318" classname="testcases.JbkUsefulLinksPage"/>
</testsuite> <!-- testcases.JbkUsefulLinksPage -->
