<?xml version="1.0" encoding="UTF-8"?>
<!-- Generated by org.testng.reporters.JUnitReportReporter -->
<testsuite skipped="0" hostname="LAPTOP-JIBR9C35" name="testcases.UsefulLinksPageTest" tests="1" failures="0" timestamp="06 Nov 2020 04:37:28 GMT" time="0.113" errors="0">
  <testcase name="pageTitle" time="0.113" classname="testcases.UsefulLinksPageTest"/>
</testsuite> <!-- testcases.UsefulLinksPageTest -->
